Build target 'Target1'
assembling boot_handlers.s...
assembling boot_vectors.s...
compiling main.c...
compiling app.c...
compiling app_batt.c...
compiling app_dis.c...
compiling app_fee0.c...
compiling app_oads.c...
compiling app_sec.c...
compiling app_task.c...
compiling app_auto_test.c...
compiling rwble.c...
compiling rwip.c...
compiling nvds.c...
compiling prf_utils.c...
compiling prf.c...
compiling rwbt.c...
compiling util_encrypt.c...
compiling intc.c...
compiling rf_xvr.c...
compiling uart0_initial.c...
compiling uart1_initial.c...
compiling uart.c...
compiling driver_flash.c...
compiling wdt.c...
compiling driver_gpio.c...
compiling icu.c...
compiling plf_data_path.c...
compiling arch_main.c...
compiling aon_rtc.c...
compiling adc.c...
compiling timer0.c...
compiling spi.c...
compiling spi_to_rgb_tc1903.c...
compiling spi_to_rgb_ws2812.c...
compiling spi_dma.c...
compiling dma.c...
compiling i2s.c...
compiling diss.c...
compiling fee0s.c...
compiling bass.c...
compiling oads.c...
compiling oads_common.c...
compiling bk_printf.c...
linking...
Program Size: Code=29124 RO-data=2400 RW-data=276 ZI-data=11924  
After Build - User command #1: fromelf --bin --output .\output\app\bk3437_app.bin .\obj\bk3437_app.axf
After Build - User command #2: .\output\translate.bat

D:\work\BK3437\code\internal\bk3437_ble\SDK\projects\app_gatt>.\output\BinConvert  -oad .\output\boot\bk3437_boot.bin  .\output\stack\bk3437_stack.bin  .\output\app\bk3437_app.bin -m 0x1000 -l 0x1E200 -v 0x0012 -rom_v 0x0007 -e 00000000 00000000 00000000 00000000 
cmd_bin_oad.stack_file_addr :0x1000
binary version hex:0x12; dec:18

Arm Image Binary will be converted to OAD format binary file.....
cmd_bin_oad.stack_file_addr=1000
boot_bin_len=dd4
add stack bin start
        Encrypt Seccessfully!
        File Size: 0x2848a

oad_stack_app_bin_len=27400
oad_app_bin_len=84e0
9b ca e1 51 12 00 38 21 42 42 42 42 ff ff 07 00 /**< @CREATE_FILE_SUCCESS */
/**< @Download flash file:.\output\app\bk3437_app_merge_crc.bin
/**< @OAD file :.\output\app\bk3437_app_stack_oad.bin,CRC = 0x414bbf01
/**< @OAD file :.\output\app\bk3437_app_oad.bin,CRC = 0x51e1ca9b
/**< @author <gang.cheng@bekencorp.com> */
/**< @version v0.3 */
".\obj\bk3437_app.axf" - 0 Error(s), 0 Warning(s).
